
**** Build of configuration Debug for project fatsdraw_TivaTM4C1294NCPDT ****

"c:\\ti\\ccsv6\\utils\\bin\\gmake" -k all 
'Building file: ../fatsd.cfg'
'Invoking: XDCtools'
"c:/ti/xdctools_3_30_01_25_core/xs" --xdcpath="c:/ti/tirtos_tivac_2_00_01_23/packages;c:/ti/tirtos_tivac_2_00_01_23/products/bios_6_40_01_15/packages;c:/ti/tirtos_tivac_2_00_01_23/products/ndk_2_23_01_01/packages;c:/ti/tirtos_tivac_2_00_01_23/products/uia_2_00_00_28/packages;c:/ti/ccsv6/ccs_base;" xdc.tools.configuro -o configPkg -t gnu.targets.arm.M4F -p ti.platforms.tiva:TM4C1294NCPDT -r release -c "c:/ti/ccsv6/tools/compiler/gcc-arm-none-eabi-4_7-2013q3" "../fatsd.cfg"
making package.mak (because of package.bld) ...
generating interfaces for package configPkg (because package/package.xdc.inc is older than package.xdc) ...
configuring fatsd.xm4fg from package/cfg/fatsd_pm4fg.cfg ...
generating custom ti.sysbios library makefile ... 
Starting build of library sources ...
making C:/Users/Tiago/Documents/GitHub/AutomacaoEstufa/Workspace_CCS/fatsdraw_TivaTM4C1294NCPDT/src/sysbios/sysbios.am4fg ...
gmake[1]: Entering directory `C:/Users/Tiago/Documents/GitHub/AutomacaoEstufa/Workspace_CCS/fatsdraw_TivaTM4C1294NCPDT/src/sysbios'
asmm4fg C:/ti/tirtos_tivac_2_00_01_23/products/bios_6_40_01_15/packages/ti/sysbios/family/arm/m3/Clobber_asm_gnu.sv7M ...
asmm4fg C:/ti/tirtos_tivac_2_00_01_23/products/bios_6_40_01_15/packages/ti/sysbios/family/arm/m3/IntrinsicsSupport_asm_gnu.sv7M ...
asmm4fg C:/ti/tirtos_tivac_2_00_01_23/products/bios_6_40_01_15/packages/ti/sysbios/family/arm/m3/TaskSupport_asm_gnu.sv7M ...
asmm4fg C:/ti/tirtos_tivac_2_00_01_23/products/bios_6_40_01_15/packages/ti/sysbios/family/arm/m3/Hwi_asm_gnu.sv7M ...
asmm4fg C:/ti/tirtos_tivac_2_00_01_23/products/bios_6_40_01_15/packages/ti/sysbios/family/arm/m3/Hwi_asm_switch_gnu.sv7M ...
asmm4fg C:/ti/tirtos_tivac_2_00_01_23/products/bios_6_40_01_15/packages/ti/sysbios/family/arm/ducati/CTM_asm_gnu.sv7M ...
asmm4fg C:/ti/tirtos_tivac_2_00_01_23/products/bios_6_40_01_15/packages/ti/sysbios/family/arm/ducati/Core_asm_gnu.sv7M ...
asmm4fg C:/ti/tirtos_tivac_2_00_01_23/products/bios_6_40_01_15/packages/ti/sysbios/family/arm/ducati/omap4430/Power_saveCpu_gnu.sv7M ...
asmm4fg C:/ti/tirtos_tivac_2_00_01_23/products/bios_6_40_01_15/packages/ti/sysbios/family/arm/ducati/omap4430/Power_resumeCpu_gnu.sv7M ...
asmm4fg C:/ti/tirtos_tivac_2_00_01_23/products/bios_6_40_01_15/packages/ti/sysbios/family/arm/ducati/smp/Power_saveCpu_gnu.sv7M ...
asmm4fg C:/ti/tirtos_tivac_2_00_01_23/products/bios_6_40_01_15/packages/ti/sysbios/family/arm/ducati/smp/Power_resumeCpu_gnu.sv7M ...
asmm4fg C:/ti/tirtos_tivac_2_00_01_23/products/bios_6_40_01_15/packages/ti/sysbios/timers/dmtimer/Timer_asm_gnu.sv7M ...
clm4fg C:/ti/tirtos_tivac_2_00_01_23/products/bios_6_40_01_15/packages/ti/sysbios/BIOS.c ...
clm4fg C:/ti/tirtos_tivac_2_00_01_23/products/bios_6_40_01_15/packages/ti/sysbios/knl/Clock.c ...
clm4fg C:/ti/tirtos_tivac_2_00_01_23/products/bios_6_40_01_15/packages/ti/sysbios/knl/Idle.c ...
clm4fg C:/ti/tirtos_tivac_2_00_01_23/products/bios_6_40_01_15/packages/ti/sysbios/knl/Intrinsics.c ...
clm4fg C:/ti/tirtos_tivac_2_00_01_23/products/bios_6_40_01_15/packages/ti/sysbios/knl/Queue.c ...
clm4fg C:/ti/tirtos_tivac_2_00_01_23/products/bios_6_40_01_15/packages/ti/sysbios/knl/Semaphore.c ...
clm4fg C:/ti/tirtos_tivac_2_00_01_23/products/bios_6_40_01_15/packages/ti/sysbios/knl/Task.c ...
clm4fg C:/ti/tirtos_tivac_2_00_01_23/products/bios_6_40_01_15/packages/ti/sysbios/hal/Hwi.c ...
clm4fg C:/ti/tirtos_tivac_2_00_01_23/products/bios_6_40_01_15/packages/ti/sysbios/hal/Hwi_stack.c ...
clm4fg C:/ti/tirtos_tivac_2_00_01_23/products/bios_6_40_01_15/packages/ti/sysbios/hal/Hwi_startup.c ...
clm4fg C:/ti/tirtos_tivac_2_00_01_23/products/bios_6_40_01_15/packages/ti/sysbios/rts/gnu/ReentSupport.c ...
clm4fg C:/ti/tirtos_tivac_2_00_01_23/products/bios_6_40_01_15/packages/ti/sysbios/rts/gnu/SemiHostSupport.c ...
clm4fg C:/ti/tirtos_tivac_2_00_01_23/products/bios_6_40_01_15/packages/ti/sysbios/family/arm/m3/Hwi.c ...
clm4fg C:/ti/tirtos_tivac_2_00_01_23/products/bios_6_40_01_15/packages/ti/sysbios/family/arm/m3/TaskSupport.c ...
clm4fg C:/ti/tirtos_tivac_2_00_01_23/products/bios_6_40_01_15/packages/ti/sysbios/family/arm/lm4/TimestampProvider.c ...
clm4fg C:/ti/tirtos_tivac_2_00_01_23/products/bios_6_40_01_15/packages/ti/sysbios/family/arm/lm4/Timer.c ...
clm4fg C:/ti/tirtos_tivac_2_00_01_23/products/bios_6_40_01_15/packages/ti/sysbios/gates/GateHwi.c ...
clm4fg C:/ti/tirtos_tivac_2_00_01_23/products/bios_6_40_01_15/packages/ti/sysbios/gates/GateMutex.c ...
clm4fg C:/ti/tirtos_tivac_2_00_01_23/products/bios_6_40_01_15/packages/ti/sysbios/heaps/HeapMem.c ...
arm4fg m3_Clobber_asm_gnu.o m3_IntrinsicsSupport_asm_gnu.o m3_TaskSupport_asm_gnu.o m3_Hwi_asm_gnu.o m3_Hwi_asm_switch_gnu.o ducati_CTM_asm_gnu.o ducati_Core_asm_gnu.o omap4430_Power_saveCpu_gnu.o omap4430_Power_resumeCpu_gnu.o smp_Power_saveCpu_gnu.o smp_Power_resumeCpu_gnu.o dmtimer_Timer_asm_gnu.o _BIOS.o knl_Clock.o knl_Idle.o knl_Intrinsics.o knl_Queue.o knl_Semaphore.o knl_Task.o hal_Hwi.o hal_Hwi_stack.o hal_Hwi_startup.o gnu_ReentSupport.o gnu_SemiHostSupport.o m3_Hwi.o m3_TaskSupport.o lm4_TimestampProvider.o lm4_Timer.o gates_GateHwi.o gates_GateMutex.o heaps_HeapMem.o ...
gmake[1]: Leaving directory `C:/Users/Tiago/Documents/GitHub/AutomacaoEstufa/Workspace_CCS/fatsdraw_TivaTM4C1294NCPDT/src/sysbios'
Build of libraries done.
clm4fg package/cfg/fatsd_pm4fg.c ...
'Finished building: ../fatsd.cfg'
' '
'Building file: ../EK_TM4C1294XL.c'
'Invoking: GNU Compiler'
"c:/ti/ccsv6/tools/compiler/gcc-arm-none-eabi-4_7-2013q3/bin/arm-none-eabi-gcc.exe" -c -mcpu=cortex-m4 -march=armv7e-m -mthumb -mfloat-abi=hard -mfpu=fpv4-sp-d16 -DPART_TM4C1294NCPDT -DTIVAWARE -Dgcc -I"c:/ti/ccsv6/tools/compiler/gcc-arm-none-eabi-4_7-2013q3/arm-none-eabi/include" -I"c:/ti/tirtos_tivac_2_00_01_23/products/TivaWare_C_Series-2.1.0.12573c" -ffunction-sections -fdata-sections -g -gstrict-dwarf -Wall -MMD -MP -MF"EK_TM4C1294XL.d" -MT"EK_TM4C1294XL.d" -o"EK_TM4C1294XL.o" @"./configPkg/compiler.opt"  "../EK_TM4C1294XL.c"
'Finished building: ../EK_TM4C1294XL.c'
' '
'Building file: ../fatsdraw.c'
'Invoking: GNU Compiler'
"c:/ti/ccsv6/tools/compiler/gcc-arm-none-eabi-4_7-2013q3/bin/arm-none-eabi-gcc.exe" -c -mcpu=cortex-m4 -march=armv7e-m -mthumb -mfloat-abi=hard -mfpu=fpv4-sp-d16 -DPART_TM4C1294NCPDT -DTIVAWARE -Dgcc -I"c:/ti/ccsv6/tools/compiler/gcc-arm-none-eabi-4_7-2013q3/arm-none-eabi/include" -I"c:/ti/tirtos_tivac_2_00_01_23/products/TivaWare_C_Series-2.1.0.12573c" -ffunction-sections -fdata-sections -g -gstrict-dwarf -Wall -MMD -MP -MF"fatsdraw.d" -MT"fatsdraw.d" -o"fatsdraw.o" @"./configPkg/compiler.opt"  "../fatsdraw.c"
'Finished building: ../fatsdraw.c'
' '
'Building target: fatsdraw_TivaTM4C1294NCPDT.out'
'Invoking: GNU Linker'
"c:/ti/ccsv6/tools/compiler/gcc-arm-none-eabi-4_7-2013q3/bin/arm-none-eabi-gcc.exe" -march=armv7e-m -mthumb -mfloat-abi=hard -mfpu=fpv4-sp-d16 -DPART_TM4C1294NCPDT -DTIVAWARE -Dgcc -ffunction-sections -fdata-sections -g -gstrict-dwarf -Wall -Wl,-Map,"fatsdraw_TivaTM4C1294NCPDT.map" -nostartfiles -static -Wl,--gc-sections -L"c:/ti/tirtos_tivac_2_00_01_23/products/TivaWare_C_Series-2.1.0.12573c/driverlib/gcc" -L"c:/ti/tirtos_tivac_2_00_01_23/products/TivaWare_C_Series-2.1.0.12573c/usblib/gcc" -L"c:/ti/tirtos_tivac_2_00_01_23/products/bios_6_40_01_15/packages/gnu/targets/arm/libs/install-native/arm-none-eabi/lib/armv7e-m/fpu" -o"fatsdraw_TivaTM4C1294NCPDT.out" "./EK_TM4C1294XL.o" "./fatsdraw.o" -Wl,-T"../tm4c1294ncpdt.lds" -Wl,-T"./configPkg/linker.cmd"  -Wl,--start-group -l"usb" -l"driver" -l"gcc" -l"c" -l"m" -l"rdimon" -Wl,--end-group 
'Finished building target: fatsdraw_TivaTM4C1294NCPDT.out'
' '

**** Build Finished ****
