
**** Build of configuration Debug for project RTC ****

"c:\\ti\\ccsv6\\utils\\bin\\gmake" -k all 
'Building file: ../main.c'
'Invoking: ARM Compiler'
"c:/ti/ccsv6/tools/compiler/arm_5.1.7/bin/armcl" -mv7M4 --code_state=16 --float_support=FPv4SPD16 --abi=eabi -me --include_path="c:/ti/ccsv6/tools/compiler/arm_5.1.7/include" --include_path="C:/ti/tirtos_tivac_2_00_01_23/products/TivaWare_C_Series-2.1.0.12573c" --preinclude="c:/ti/ccsv6/tools/compiler/arm_5.1.7/include" -g --gcc --define=ccs="ccs" --define=PART_TM4C1294NCPDT --display_error_number --diag_warning=225 --diag_wrap=off --preproc_with_compile --preproc_dependency="main.pp"  "../main.c"
Fatal error #1966: cannot open source file "c:/ti/ccsv6/tools/compiler/arm_5.1.7/include": Invalid argument
1 catastrophic error detected in the compilation of "../main.c".
Compilation terminated.

>> Compilation failure
gmake: *** [main.obj] Error 1
'Building file: ../tm4c1294ncpdt_startup_ccs.c'
'Invoking: ARM Compiler'
"c:/ti/ccsv6/tools/compiler/arm_5.1.7/bin/armcl" -mv7M4 --code_state=16 --float_support=FPv4SPD16 --abi=eabi -me --include_path="c:/ti/ccsv6/tools/compiler/arm_5.1.7/include" --include_path="C:/ti/tirtos_tivac_2_00_01_23/products/TivaWare_C_Series-2.1.0.12573c" --preinclude="c:/ti/ccsv6/tools/compiler/arm_5.1.7/include" -g --gcc --define=ccs="ccs" --define=PART_TM4C1294NCPDT --display_error_number --diag_warning=225 --diag_wrap=off --preproc_with_compile --preproc_dependency="tm4c1294ncpdt_startup_ccs.pp"  "../tm4c1294ncpdt_startup_ccs.c"
Fatal error #1966: cannot open source file "c:/ti/ccsv6/tools/compiler/arm_5.1.7/include": Invalid argument
1 catastrophic error detected in the compilation of "../tm4c1294ncpdt_startup_ccs.c".
Compilation terminated.

>> Compilation failure
gmake: *** [tm4c1294ncpdt_startup_ccs.obj] Error 1
gmake: Target `all' not remade because of errors.

**** Build Finished ****
